android/users/wandsmire/Dropbox/NotTiled/android/intermediates/manifest_merge_blame_file/debug/manifest-merger-blame-debug-report.txt
1<?xml version="1.0" encoding="utf-8"?>
2<manifest xmlns:android="http://schemas.android.com/apk/res/android"
3    package="com.mirwanda.nottiled"
4    android:versionCode="76"
5    android:versionName="1.7.1" >
6
7    <uses-sdk
8        android:minSdkVersion="19"
8-->NotTiled\android\AndroidManifest.xml
9        android:targetSdkVersion="30" />
9-->NotTiled\android\AndroidManifest.xml
10
11    <uses-permission android:name="android.permission.WRITE_EXTERNAL_STORAGE" />
11-->NotTiled\android\AndroidManifest.xml:5:5-81
11-->NotTiled\android\AndroidManifest.xml:5:22-78
12    <uses-permission android:name="android.permission.VIBRATE" />
12-->NotTiled\android\AndroidManifest.xml:6:5-66
12-->NotTiled\android\AndroidManifest.xml:6:22-63
13    <uses-permission android:name="android.permission.INTERNET" />
13-->NotTiled\android\AndroidManifest.xml:7:5-67
13-->NotTiled\android\AndroidManifest.xml:7:22-64
14    <uses-permission android:name="android.permission.ACCESS_NETWORK_STATE" />
14-->NotTiled\android\AndroidManifest.xml:8:5-79
14-->NotTiled\android\AndroidManifest.xml:8:22-76
15    <!-- uses-permission android:name="com.android.vending.BILLING" -->
16    <uses-permission android:name="android.permission.RECORD_AUDIO" />
16-->NotTiled\android\AndroidManifest.xml:10:5-71
16-->NotTiled\android\AndroidManifest.xml:10:22-68
17
18    <application
18-->NotTiled\android\AndroidManifest.xml:11:5-58:24
19        android:name="com.mirwanda.nottiled.Aplikasi"
19-->NotTiled\android\AndroidManifest.xml:12:9-54
20        android:allowBackup="true"
20-->NotTiled\android\AndroidManifest.xml:13:9-35
21        android:appCategory="game"
21-->NotTiled\android\AndroidManifest.xml:16:9-35
22        android:debuggable="true"
23        android:hasFragileUserData="true"
23-->NotTiled\android\AndroidManifest.xml:21:9-42
24        android:icon="@mipmap/ic_launcher"
24-->NotTiled\android\AndroidManifest.xml:14:9-43
25        android:isGame="true"
25-->NotTiled\android\AndroidManifest.xml:15:9-30
26        android:label="@string/app_name"
26-->NotTiled\android\AndroidManifest.xml:18:9-41
27        android:largeHeap="true"
27-->NotTiled\android\AndroidManifest.xml:17:9-33
28        android:requestLegacyExternalStorage="true"
28-->NotTiled\android\AndroidManifest.xml:22:9-52
29        android:resizeableActivity="true"
29-->NotTiled\android\AndroidManifest.xml:20:9-44
30        android:testOnly="true"
31        android:theme="@style/GdxTheme" >
31-->NotTiled\android\AndroidManifest.xml:19:9-40
32
33        <!--
34        -
35        <meta-data android:name="com.google.android.gms.version"
36            android:value="@integer/google_play_services_version"/>
37        <meta-data android:name="com.google.android.gms.ads.APPLICATION_ID"
38            android:value="ca-app-pub-0329741361926795~9960638706"/>
39        -->
40
41        <activity
41-->NotTiled\android\AndroidManifest.xml:31:5-57:25
42            android:name="com.mirwanda.nottiled.MainActivity"
42-->NotTiled\android\AndroidManifest.xml:32:18-67
43            android:configChanges="keyboard|keyboardHidden|orientation|screenSize"
43-->NotTiled\android\AndroidManifest.xml:34:18-88
44            android:label="@string/app_name" >
44-->NotTiled\android\AndroidManifest.xml:33:18-50
45            <intent-filter>
45-->NotTiled\android\AndroidManifest.xml:36:18-40:34
46                <action android:name="android.intent.action.MAIN" />
46-->NotTiled\android\AndroidManifest.xml:37:22-74
46-->NotTiled\android\AndroidManifest.xml:37:30-71
47
48                <category android:name="android.intent.category.LAUNCHER" />
48-->NotTiled\android\AndroidManifest.xml:38:22-82
48-->NotTiled\android\AndroidManifest.xml:38:32-79
49            </intent-filter>
50
51            <!-- Register to handle email attachments -->
52            <!-- WARNING: Do NOT use android:host="*" for these as they will not work properly -->
53            <!-- Register to handle file opening -->
54            <intent-filter>
54-->NotTiled\android\AndroidManifest.xml:45:18-55:34
55                <data
55-->NotTiled\android\AndroidManifest.xml:46:22-49:44
56                    android:host="*"
56-->NotTiled\android\AndroidManifest.xml:49:26-42
57                    android:mimeType="*/*"
57-->NotTiled\android\AndroidManifest.xml:47:26-48
58                    android:pathPattern=".*\\.tmx"
58-->NotTiled\android\AndroidManifest.xml:48:26-56
59                    android:scheme="file" />
59-->NotTiled\android\AndroidManifest.xml:46:28-49
60
61                <action android:name="android.intent.action.VIEW" />
61-->NotTiled\android\AndroidManifest.xml:51:22-74
61-->NotTiled\android\AndroidManifest.xml:51:30-71
62
63                <category android:name="android.intent.category.DEFAULT" />
63-->NotTiled\android\AndroidManifest.xml:53:22-81
63-->NotTiled\android\AndroidManifest.xml:53:32-78
64                <category android:name="android.intent.category.BROWSABLE" />
64-->NotTiled\android\AndroidManifest.xml:54:22-83
64-->NotTiled\android\AndroidManifest.xml:54:32-80
65            </intent-filter>
66        </activity>
67    </application>
68
69</manifest>